PS I:\Python\AI_Engineering\home13\homework\boilerplate> Measure-Command { docker build -f Dockerfile.naive -t rag-naive . | Out-Host }
[+] Building 68.9s (10/10) FINISHED                        docker:desktop-linux
 => [internal] load build definition from Dockerfile.naive                 0.1s
 => => transferring dockerfile: 977B                                       0.0s
 => [internal] load metadata for docker.io/library/python:3.11             3.5s
 => [auth] library/python:pull token for registry-1.docker.io              0.0s
 => [internal] load .dockerignore                                          0.1s
 => => transferring context: 1.04kB                                        0.0s
 => [1/4] FROM docker.io/library/python:3.11@sha256:58a54fbf1d5320af4f67  46.5s
 => => resolve docker.io/library/python:3.11@sha256:58a54fbf1d5320af4f676  0.0s
 => => sha256:bc5f9aa62a1517c80ef76d5a255a16989ecdfbdf00c0b3c 249B / 249B  0.2s
 => => sha256:3dfcdc764bf9335a275461610f56f7740078863cf 23.98MB / 23.98MB  3.6s
 => => sha256:b3085a3e73e9b09a110d7a7ca06e3c43efa24eb8153 6.09MB / 6.09MB  4.1s
 => => sha256:8d6d44b254dab2063c4226fc8a0849d5527402 236.18MB / 236.18MB  39.1s
 => => sha256:b53089dca50590292ecc77bf803152a5799650e7 67.78MB / 67.78MB  21.8s
 => => sha256:8a7504cd2818ce40ac76c17886a03dff25ef0aa06 25.63MB / 25.63MB  5.4s
 => => sha256:f32f49ce655a9cf7c1fd4ca1417ddb39a54cedf4 49.31MB / 49.31MB  15.9s
 => => extracting sha256:f32f49ce655a9cf7c1fd4ca1417ddb39a54cedf4b7ff35de  1.9s
 => => extracting sha256:8a7504cd2818ce40ac76c17886a03dff25ef0aa06ff6125b  0.8s
 => => extracting sha256:b53089dca50590292ecc77bf803152a5799650e734717e4b  2.6s
 => => extracting sha256:8d6d44b254dab2063c4226fc8a0849d5527402d24d3bea80  5.9s
 => => extracting sha256:b3085a3e73e9b09a110d7a7ca06e3c43efa24eb81537a1c4  0.3s
 => => extracting sha256:3dfcdc764bf9335a275461610f56f7740078863cf3843fc3  0.8s
 => => extracting sha256:bc5f9aa62a1517c80ef76d5a255a16989ecdfbdf00c0b3ce  0.0s
 => [internal] load build context                                          0.1s
 => => transferring context: 11.96kB                                       0.0s
 => [2/4] WORKDIR /app                                                     1.0s
 => [3/4] COPY . .                                                         0.1s
 => [4/4] RUN pip install --no-cache-dir -r app/requirements.txt          12.3s
 => exporting to image                                                     5.1s
 => => exporting layers                                                    3.5s
 => => exporting manifest sha256:2d85d827ca4e9ed58f595ba20fdea993cc31bfb0  0.0s
 => => exporting config sha256:737560e95832495c55da231ba16b3312115de72752  0.0s
 => => exporting attestation manifest sha256:c81df0563658b4b7d2086afe37a3  0.1s
 => => exporting manifest list sha256:5e332d3721065f8e49d5965e573e418a530  0.0s
 => => naming to docker.io/library/rag-naive:latest                        0.0s
 => => unpacking to docker.io/library/rag-naive:latest                     1.4s


Days              : 0
Hours             : 0
Minutes           : 1
Seconds           : 9
Milliseconds      : 342
Ticks             : 693424679
TotalDays         : 0,000802574859953704
TotalHours        : 0,0192617966388889
TotalMinutes      : 1,15570779833333
TotalSeconds      : 69,3424679
TotalMilliseconds : 69342,4679

PS I:\Python\AI_Engineering\home13\homework\boilerplate> docker images rag-naive
                                                                                                                                                                                             i Info →   U  In Use
IMAGE              ID             DISK USAGE   CONTENT SIZE   EXTRA
rag-naive:latest   5e332d372106       1.76GB          446MB
PS I:\Python\AI_Engineering\home13\homework\boilerplate> Measure-Command { docker build -f Dockerfile.naive -t rag-naive . | Out-Host }
[+] Building 18.9s (10/10) FINISHED                        docker:desktop-linux
 => [internal] load build definition from Dockerfile.naive                 0.0s
 => => transferring dockerfile: 977B                                       0.0s
 => [internal] load metadata for docker.io/library/python:3.11             1.1s
 => [auth] library/python:pull token for registry-1.docker.io              0.0s
 => [internal] load .dockerignore                                          0.0s
 => => transferring context: 1.04kB                                        0.0s
 => [1/4] FROM docker.io/library/python:3.11@sha256:58a54fbf1d5320af4f676  0.0s
 => => resolve docker.io/library/python:3.11@sha256:58a54fbf1d5320af4f676  0.0s
 => [internal] load build context                                          0.0s
 => => transferring context: 1.46kB                                        0.0s
 => CACHED [2/4] WORKDIR /app                                              0.0s
 => [3/4] COPY . .                                                         0.1s
 => [4/4] RUN pip install --no-cache-dir -r app/requirements.txt          12.4s
 => exporting to image                                                     5.0s
 => => exporting layers                                                    3.5s
 => => exporting manifest sha256:5b50374b74c7f11e17e605bf269c1261b205bac0  0.0s
 => => exporting config sha256:cd84c80b75103096c06752c0468dfa23f456985bf8  0.0s
 => => exporting attestation manifest sha256:2cf43e942913dc1c9f4292286414  0.1s
 => => exporting manifest list sha256:38b4ca313ce5359cae0d9137966f543efbc  0.0s
 => => naming to docker.io/library/rag-naive:latest                        0.0s
 => => unpacking to docker.io/library/rag-naive:latest                     1.3s


Days              : 0
Hours             : 0
Minutes           : 0
Seconds           : 19
Milliseconds      : 258
Ticks             : 192587883
TotalDays         : 0,000222902642361111
TotalHours        : 0,00534966341666667
TotalMinutes      : 0,320979805
TotalSeconds      : 19,2587883
TotalMilliseconds : 19258,7883

PS I:\Python\AI_Engineering\home13\homework\boilerplate>